16/Mar/2021:06:48:05 956 [INFO] Calc [Square root] - 100.0
16/Mar/2021:06:48:10 274 [ERROR] Calc [Square root] - -100.0
16/Mar/2021:07:53:17 081 [INFO] Calc [Square root] - 225.0
16/Mar/2021:07:53:37 048 [INFO] Calc [Square root] - 300.0
16/Mar/2021:07:53:45 771 [ERROR] Calc [Square root] - -1.0
16/Mar/2021:08:15:09 553 [INFO] Calc [Factorial] - 10
16/Mar/2021:08:16:22 417 [INFO] Calc [Factorial] - 10
16/Mar/2021:08:16:22 436 [INFO] Calc [Factorial] - 0
16/Mar/2021:08:16:22 439 [ERROR] Calc [Factorial] - -200
16/Mar/2021:08:25:49 620 [ERROR] Calc [Square root] - -100.0
16/Mar/2021:08:25:56 291 [ERROR] Calc [Factorial] - -100
16/Mar/2021:08:33:10 950 [INFO] Calc [Log e] - 10.0
16/Mar/2021:08:33:10 962 [ERROR] Calc [Log e] - -200.0
16/Mar/2021:08:33:54 397 [INFO] Calc [Log e] - 10.0
16/Mar/2021:09:06:57 163 [INFO] Calc [Power 10] - 2.0
16/Mar/2021:09:07:57 140 [INFO] Calc [Power 10] - 2.0
16/Mar/2021:09:08:35 181 [INFO] Calc [Power 10] - 2.0
16/Mar/2021:09:08:41 460 [INFO] Calc [Power 10] - 10.0
16/Mar/2021:09:09:01 999 [ERROR] Calc [Log e] - -10.0
16/Mar/2021:09:09:10 192 [INFO] Calc [Square root] - 9000.0
16/Mar/2021:09:09:15 603 [INFO] Calc [Factorial] - 0
